<?xml version="1.0" encoding="UTF-8"?>
<testng-results ignored="0" total="1" passed="1" failed="0" skipped="0">
  <reporter-output>
  </reporter-output>
  <suite started-at="2022-02-03T20:54:17 EST" name="Default suite" finished-at="2022-02-03T20:54:30 EST" duration-ms="12855">
    <groups>
    </groups>
    <test started-at="2022-02-03T20:54:17 EST" name="Default test" finished-at="2022-02-03T20:54:30 EST" duration-ms="12855">
      <class name="AmpegTests">
        <test-method is-config="true" signature="beforeMethod()[pri:0, instance:AmpegTests@6fe7aac8]" started-at="2022-02-03T20:54:17 EST" name="beforeMethod" finished-at="2022-02-03T20:54:20 EST" duration-ms="2417" status="PASS">
          <reporter-output>
          </reporter-output>
        </test-method> <!-- beforeMethod -->
        <test-method signature="canGetArtistName()[pri:0, instance:AmpegTests@6fe7aac8]" started-at="2022-02-03T20:54:20 EST" name="canGetArtistName" finished-at="2022-02-03T20:54:30 EST" duration-ms="10144" status="PASS">
          <reporter-output>
          </reporter-output>
        </test-method> <!-- canGetArtistName -->
        <test-method is-config="true" signature="afterMethod()[pri:0, instance:AmpegTests@6fe7aac8]" started-at="2022-02-03T20:54:30 EST" name="afterMethod" finished-at="2022-02-03T20:54:30 EST" duration-ms="215" status="PASS">
          <reporter-output>
          </reporter-output>
        </test-method> <!-- afterMethod -->
      </class> <!-- AmpegTests -->
    </test> <!-- Default test -->
  </suite> <!-- Default suite -->
</testng-results>
