<?xml version="1.0" encoding="UTF-8"?>
<!-- Generated by org.testng.reporters.JUnitXMLReporter -->
<testsuite ignored="3" hostname="Jonathan-Colegrove" failures="0" tests="1" name="Default test" time="7.172" errors="0" timestamp="2022-01-06T19:49:04 EST">
  <testcase classname="January5.DatePickerTests" name="canGetDateAndTime" time="4.164"/>
  <testcase classname="January5.DatePickerTests" name="canSetDateAndTime" time="0.0">
    <ignored/>
  </testcase> <!-- canSetDateAndTime -->
  <testcase classname="January5.DatePickerTests" name="canSetDate" time="0.0">
    <ignored/>
  </testcase> <!-- canSetDate -->
  <testcase classname="January5.DatePickerTests" name="canGetDate" time="0.0">
    <ignored/>
  </testcase> <!-- canGetDate -->
</testsuite> <!-- Default test -->
