<?xml version="1.0" encoding="UTF-8"?>
<!-- Generated by org.testng.reporters.JUnitXMLReporter -->
<testsuite ignored="2" hostname="Jonathan-Colegrove" failures="0" tests="1" name="Default test" time="0.046" errors="0" timestamp="2022-01-03T13:57:20 EST">
  <testcase classname="OpenCSVTests" name="getBrowserTypeValueFromConfigFile" time="0.009"/>
  <testcase classname="OpenCSVTests" name="readsBassesFileIntoBassesObject" time="0.0">
    <ignored/>
  </testcase> <!-- readsBassesFileIntoBassesObject -->
  <testcase classname="OpenCSVTests" name="canReadBassesFileIntoHashmapOfMakesAndModelsIgnoringStringCount" time="0.0">
    <ignored/>
  </testcase> <!-- canReadBassesFileIntoHashmapOfMakesAndModelsIgnoringStringCount -->
</testsuite> <!-- Default test -->
