<?xml version="1.0" encoding="UTF-8"?>
<testng-results ignored="2" total="3" passed="1" failed="0" skipped="0">
  <reporter-output>
  </reporter-output>
  <suite started-at="2022-01-03T13:57:20 EST" name="Default suite" finished-at="2022-01-03T13:57:20 EST" duration-ms="46">
    <groups>
    </groups>
    <test started-at="2022-01-03T13:57:20 EST" name="Default test" finished-at="2022-01-03T13:57:20 EST" duration-ms="46">
      <class name="OpenCSVTests">
        <test-method signature="getBrowserTypeValueFromConfigFile()[pri:0, instance:OpenCSVTests@7adda9cc]" started-at="2022-01-03T13:57:20 EST" name="getBrowserTypeValueFromConfigFile" finished-at="2022-01-03T13:57:20 EST" duration-ms="9" status="PASS">
          <reporter-output>
          </reporter-output>
        </test-method> <!-- getBrowserTypeValueFromConfigFile -->
      </class> <!-- OpenCSVTests -->
    </test> <!-- Default test -->
  </suite> <!-- Default suite -->
</testng-results>
