<?xml version="1.0" encoding="UTF-8"?>
<testng-results ignored="0" total="1" passed="1" failed="0" skipped="0">
  <reporter-output>
  </reporter-output>
  <suite started-at="2021-12-21T20:11:17 EST" name="Default suite" finished-at="2021-12-21T20:11:17 EST" duration-ms="83">
    <groups>
    </groups>
    <test started-at="2021-12-21T20:11:17 EST" name="Default test" finished-at="2021-12-21T20:11:17 EST" duration-ms="83">
      <class name="NewTest">
        <test-method signature="canPrintSomething()[pri:0, instance:NewTest@1e802ef9]" started-at="2021-12-21T20:11:17 EST" name="canPrintSomething" finished-at="2021-12-21T20:11:17 EST" duration-ms="11" status="PASS">
          <reporter-output>
          </reporter-output>
        </test-method> <!-- canPrintSomething -->
      </class> <!-- NewTest -->
    </test> <!-- Default test -->
  </suite> <!-- Default suite -->
</testng-results>
